18-Apr-2016 11:44:21.453 INFO [main] org.apache.catalina.startup.VersionLoggerListener.log Server version:        Apache Tomcat/8.0.33
18-Apr-2016 11:44:21.455 INFO [main] org.apache.catalina.startup.VersionLoggerListener.log Server built:          Mar 18 2016 20:31:49 UTC
18-Apr-2016 11:44:21.455 INFO [main] org.apache.catalina.startup.VersionLoggerListener.log Server number:         8.0.33.0
18-Apr-2016 11:44:21.455 INFO [main] org.apache.catalina.startup.VersionLoggerListener.log OS Name:               Windows 7
18-Apr-2016 11:44:21.456 INFO [main] org.apache.catalina.startup.VersionLoggerListener.log OS Version:            6.1
18-Apr-2016 11:44:21.456 INFO [main] org.apache.catalina.startup.VersionLoggerListener.log Architecture:          amd64
18-Apr-2016 11:44:21.456 INFO [main] org.apache.catalina.startup.VersionLoggerListener.log Java Home:             D:\jdk1.8u74\jre
18-Apr-2016 11:44:21.456 INFO [main] org.apache.catalina.startup.VersionLoggerListener.log JVM Version:           1.8.0_74-b02
18-Apr-2016 11:44:21.456 INFO [main] org.apache.catalina.startup.VersionLoggerListener.log JVM Vendor:            Oracle Corporation
18-Apr-2016 11:44:21.457 INFO [main] org.apache.catalina.startup.VersionLoggerListener.log CATALINA_BASE:         D:\apache-tomcat-8.0.33
18-Apr-2016 11:44:21.457 INFO [main] org.apache.catalina.startup.VersionLoggerListener.log CATALINA_HOME:         D:\apache-tomcat-8.0.33
18-Apr-2016 11:44:21.457 INFO [main] org.apache.catalina.startup.VersionLoggerListener.log Command line argument: -Djava.util.logging.config.file=D:\apache-tomcat-8.0.33\conf\logging.properties
18-Apr-2016 11:44:21.458 INFO [main] org.apache.catalina.startup.VersionLoggerListener.log Command line argument: -Djava.util.logging.manager=org.apache.juli.ClassLoaderLogManager
18-Apr-2016 11:44:21.458 INFO [main] org.apache.catalina.startup.VersionLoggerListener.log Command line argument: -Djava.endorsed.dirs=D:\apache-tomcat-8.0.33\endorsed
18-Apr-2016 11:44:21.459 INFO [main] org.apache.catalina.startup.VersionLoggerListener.log Command line argument: -Dcatalina.base=D:\apache-tomcat-8.0.33
18-Apr-2016 11:44:21.460 INFO [main] org.apache.catalina.startup.VersionLoggerListener.log Command line argument: -Dcatalina.home=D:\apache-tomcat-8.0.33
18-Apr-2016 11:44:21.461 INFO [main] org.apache.catalina.startup.VersionLoggerListener.log Command line argument: -Djava.io.tmpdir=D:\apache-tomcat-8.0.33\temp
18-Apr-2016 11:44:21.461 INFO [main] org.apache.catalina.core.AprLifecycleListener.lifecycleEvent Loaded APR based Apache Tomcat Native library 1.2.5 using APR version 1.5.1.
18-Apr-2016 11:44:21.461 INFO [main] org.apache.catalina.core.AprLifecycleListener.lifecycleEvent APR capabilities: IPv6 [true], sendfile [true], accept filters [false], random [true].
18-Apr-2016 11:44:22.185 INFO [main] org.apache.catalina.core.AprLifecycleListener.initializeSSL OpenSSL successfully initialized (OpenSSL 1.0.2g  1 Mar 2016)
18-Apr-2016 11:44:23.272 INFO [main] org.apache.coyote.AbstractProtocol.init Initializing ProtocolHandler ["http-apr-8088"]
18-Apr-2016 11:44:23.316 INFO [main] org.apache.coyote.AbstractProtocol.init Initializing ProtocolHandler ["ajp-apr-8009"]
18-Apr-2016 11:44:23.319 INFO [main] org.apache.catalina.startup.Catalina.load Initialization processed in 3341 ms
18-Apr-2016 11:44:23.466 INFO [main] org.apache.catalina.core.StandardService.startInternal Starting service Catalina
18-Apr-2016 11:44:23.468 INFO [main] org.apache.catalina.core.StandardEngine.startInternal Starting Servlet Engine: Apache Tomcat/8.0.33
18-Apr-2016 11:44:23.505 INFO [localhost-startStop-1] org.apache.catalina.startup.HostConfig.deployDirectory Deploying web application directory D:\apache-tomcat-8.0.33\webapps\docs
18-Apr-2016 11:44:24.662 INFO [localhost-startStop-1] org.apache.catalina.util.SessionIdGeneratorBase.createSecureRandom Creation of SecureRandom instance for session ID generation using [SHA1PRNG] took [625] milliseconds.
18-Apr-2016 11:44:24.710 INFO [localhost-startStop-1] org.apache.catalina.startup.HostConfig.deployDirectory Deployment of web application directory D:\apache-tomcat-8.0.33\webapps\docs has finished in 1,204 ms
18-Apr-2016 11:44:24.711 INFO [localhost-startStop-1] org.apache.catalina.startup.HostConfig.deployDirectory Deploying web application directory D:\apache-tomcat-8.0.33\webapps\examples
18-Apr-2016 11:44:25.580 INFO [localhost-startStop-1] org.apache.catalina.startup.HostConfig.deployDirectory Deployment of web application directory D:\apache-tomcat-8.0.33\webapps\examples has finished in 869 ms
18-Apr-2016 11:44:25.588 INFO [localhost-startStop-1] org.apache.catalina.startup.HostConfig.deployDirectory Deploying web application directory D:\apache-tomcat-8.0.33\webapps\host-manager
18-Apr-2016 11:44:25.656 INFO [localhost-startStop-1] org.apache.catalina.startup.HostConfig.deployDirectory Deployment of web application directory D:\apache-tomcat-8.0.33\webapps\host-manager has finished in 67 ms
18-Apr-2016 11:44:25.656 INFO [localhost-startStop-1] org.apache.catalina.startup.HostConfig.deployDirectory Deploying web application directory D:\apache-tomcat-8.0.33\webapps\manager
18-Apr-2016 11:44:25.689 INFO [localhost-startStop-1] org.apache.catalina.startup.HostConfig.deployDirectory Deployment of web application directory D:\apache-tomcat-8.0.33\webapps\manager has finished in 33 ms
18-Apr-2016 11:44:25.690 INFO [localhost-startStop-1] org.apache.catalina.startup.HostConfig.deployDirectory Deploying web application directory D:\apache-tomcat-8.0.33\webapps\ROOT
18-Apr-2016 11:44:25.711 INFO [localhost-startStop-1] org.apache.catalina.startup.HostConfig.deployDirectory Deployment of web application directory D:\apache-tomcat-8.0.33\webapps\ROOT has finished in 21 ms
18-Apr-2016 11:44:25.718 INFO [main] org.apache.coyote.AbstractProtocol.start Starting ProtocolHandler ["http-apr-8088"]
18-Apr-2016 11:44:25.737 INFO [main] org.apache.coyote.AbstractProtocol.start Starting ProtocolHandler ["ajp-apr-8009"]
18-Apr-2016 11:44:25.742 INFO [main] org.apache.catalina.startup.Catalina.start Server startup in 2422 ms
