12-Apr-2016 09:48:55.309 INFO [http-apr-8088-exec-1] org.apache.catalina.core.ApplicationContext.log Manager: init: Associated with Deployer 'Catalina:type=Deployer,host=localhost'
12-Apr-2016 09:48:55.309 INFO [http-apr-8088-exec-1] org.apache.catalina.core.ApplicationContext.log Manager: init: Global resources are available
12-Apr-2016 09:48:55.311 INFO [http-apr-8088-exec-1] org.apache.catalina.core.ApplicationContext.log Manager: list: Listing contexts for virtual host 'localhost'
12-Apr-2016 09:48:55.344 INFO [http-apr-8088-exec-2] org.apache.catalina.core.ApplicationContext.log Manager: list: Listing contexts for virtual host 'localhost'
12-Apr-2016 09:48:55.411 INFO [http-apr-8088-exec-4] org.apache.catalina.core.ApplicationContext.log Manager: undeploy: Undeploying web application at '/test'
12-Apr-2016 09:48:56.074 INFO [http-apr-8088-exec-5] org.apache.catalina.core.ApplicationContext.log Manager: install: Installing context configuration at 'file:/C:/Users/ADMINI~1/AppData/Local/Temp/context3286548935878420994.xml'
12-Apr-2016 09:48:58.093 INFO [http-apr-8088-exec-9] org.apache.catalina.core.ApplicationContext.log Manager: start: Starting web application '/test'
12-Apr-2016 10:22:48.433 INFO [http-apr-8088-exec-4] org.apache.catalina.core.ApplicationContext.log Manager: init: Associated with Deployer 'Catalina:type=Deployer,host=localhost'
12-Apr-2016 10:22:48.434 INFO [http-apr-8088-exec-4] org.apache.catalina.core.ApplicationContext.log Manager: init: Global resources are available
12-Apr-2016 10:22:48.434 INFO [http-apr-8088-exec-4] org.apache.catalina.core.ApplicationContext.log Manager: list: Listing contexts for virtual host 'localhost'
12-Apr-2016 10:22:48.617 INFO [http-apr-8088-exec-10] org.apache.catalina.core.ApplicationContext.log Manager: restart: Reloading web application '/test'
12-Apr-2016 10:22:53.172 INFO [http-apr-8088-exec-7] org.apache.catalina.core.ApplicationContext.log Manager: list: Listing contexts for virtual host 'localhost'
12-Apr-2016 10:22:53.185 INFO [http-apr-8088-exec-6] org.apache.catalina.core.ApplicationContext.log Manager: restart: Reloading web application '/test'
12-Apr-2016 10:24:56.858 INFO [http-apr-8088-exec-16] org.apache.catalina.core.ApplicationContext.log Manager: list: Listing contexts for virtual host 'localhost'
12-Apr-2016 10:24:56.866 INFO [http-apr-8088-exec-12] org.apache.catalina.core.ApplicationContext.log Manager: list: Listing contexts for virtual host 'localhost'
12-Apr-2016 10:24:56.878 INFO [http-apr-8088-exec-13] org.apache.catalina.core.ApplicationContext.log Manager: undeploy: Undeploying web application at '/test'
12-Apr-2016 10:24:57.446 INFO [http-apr-8088-exec-12] org.apache.catalina.core.ApplicationContext.log Manager: install: Installing context configuration at 'file:/C:/Users/ADMINI~1/AppData/Local/Temp/context1090554967836881602.xml'
12-Apr-2016 10:24:59.055 INFO [http-apr-8088-exec-8] org.apache.catalina.core.ApplicationContext.log Manager: start: Starting web application '/test'
12-Apr-2016 10:30:49.872 INFO [http-apr-8088-exec-22] org.apache.catalina.core.ApplicationContext.log Manager: list: Listing contexts for virtual host 'localhost'
12-Apr-2016 10:31:31.895 INFO [http-apr-8088-exec-22] org.apache.catalina.core.ApplicationContext.log Manager: list: Listing contexts for virtual host 'localhost'
12-Apr-2016 11:08:09.633 INFO [http-apr-8088-exec-22] org.apache.catalina.core.ApplicationContext.log Manager: list: Listing contexts for virtual host 'localhost'
12-Apr-2016 11:09:00.253 INFO [http-apr-8088-exec-22] org.apache.catalina.core.ApplicationContext.log Manager: list: Listing contexts for virtual host 'localhost'
12-Apr-2016 11:10:38.619 INFO [http-apr-8088-exec-18] org.apache.catalina.core.ApplicationContext.log Manager: list: Listing contexts for virtual host 'localhost'
12-Apr-2016 11:10:59.257 INFO [http-apr-8088-exec-17] org.apache.catalina.core.ApplicationContext.log Manager: list: Listing contexts for virtual host 'localhost'
12-Apr-2016 11:11:11.590 INFO [http-apr-8088-exec-25] org.apache.catalina.core.ApplicationContext.log Manager: list: Listing contexts for virtual host 'localhost'
12-Apr-2016 11:11:25.978 INFO [http-apr-8088-exec-18] org.apache.catalina.core.ApplicationContext.log Manager: list: Listing contexts for virtual host 'localhost'
12-Apr-2016 11:11:43.602 INFO [http-apr-8088-exec-18] org.apache.catalina.core.ApplicationContext.log Manager: list: Listing contexts for virtual host 'localhost'
12-Apr-2016 11:12:25.305 INFO [http-apr-8088-exec-18] org.apache.catalina.core.ApplicationContext.log Manager: list: Listing contexts for virtual host 'localhost'
12-Apr-2016 11:12:25.315 INFO [http-apr-8088-exec-25] org.apache.catalina.core.ApplicationContext.log Manager: undeploy: Undeploying web application at '/test'
12-Apr-2016 11:12:41.843 INFO [http-apr-8088-exec-19] org.apache.catalina.core.ApplicationContext.log Manager: list: Listing contexts for virtual host 'localhost'
12-Apr-2016 11:12:41.861 INFO [http-apr-8088-exec-21] org.apache.catalina.core.ApplicationContext.log Manager: list: Listing contexts for virtual host 'localhost'
12-Apr-2016 11:14:51.582 INFO [http-apr-8088-exec-10] org.apache.catalina.core.ApplicationContext.log Manager: init: Associated with Deployer 'Catalina:type=Deployer,host=localhost'
12-Apr-2016 11:14:51.582 INFO [http-apr-8088-exec-10] org.apache.catalina.core.ApplicationContext.log Manager: init: Global resources are available
12-Apr-2016 11:14:51.583 INFO [http-apr-8088-exec-10] org.apache.catalina.core.ApplicationContext.log Manager: list: Listing contexts for virtual host 'localhost'
12-Apr-2016 11:14:51.588 INFO [http-apr-8088-exec-1] org.apache.catalina.core.ApplicationContext.log Manager: list: Listing contexts for virtual host 'localhost'
12-Apr-2016 11:14:51.602 INFO [http-apr-8088-exec-3] org.apache.catalina.core.ApplicationContext.log Manager: install: Installing context configuration at 'file:/C:/Users/ADMINI~1/AppData/Local/Temp/context906899323423840433.xml'
12-Apr-2016 11:14:52.202 INFO [http-apr-8088-exec-5] org.apache.catalina.core.ApplicationContext.log Manager: list: Listing contexts for virtual host 'localhost'
12-Apr-2016 11:14:52.210 INFO [http-apr-8088-exec-7] org.apache.catalina.core.ApplicationContext.log Manager: list: Listing contexts for virtual host 'localhost'
12-Apr-2016 11:14:53.849 INFO [http-apr-8088-exec-8] org.apache.catalina.core.ApplicationContext.log Manager: start: Starting web application '/gsygxx'
12-Apr-2016 11:15:09.725 INFO [http-apr-8088-exec-10] org.apache.catalina.core.ApplicationContext.log Manager: start: Starting web application '/gsygxx'
12-Apr-2016 11:15:57.157 INFO [http-apr-8088-exec-10] org.apache.catalina.core.ApplicationContext.log Manager: undeploy: Undeploying web application at '/gsygxx'
12-Apr-2016 11:15:57.797 INFO [http-apr-8088-exec-1] org.apache.catalina.core.ApplicationContext.log Manager: list: Listing contexts for virtual host 'localhost'
12-Apr-2016 11:15:57.800 INFO [http-apr-8088-exec-9] org.apache.catalina.core.ApplicationContext.log Manager: list: Listing contexts for virtual host 'localhost'
12-Apr-2016 11:36:05.477 INFO [http-apr-8088-exec-8] org.apache.catalina.core.ApplicationContext.log Manager: init: Associated with Deployer 'Catalina:type=Deployer,host=localhost'
12-Apr-2016 11:36:05.477 INFO [http-apr-8088-exec-8] org.apache.catalina.core.ApplicationContext.log Manager: init: Global resources are available
12-Apr-2016 11:36:05.478 INFO [http-apr-8088-exec-8] org.apache.catalina.core.ApplicationContext.log Manager: list: Listing contexts for virtual host 'localhost'
12-Apr-2016 11:36:05.493 INFO [http-apr-8088-exec-9] org.apache.catalina.core.ApplicationContext.log Manager: list: Listing contexts for virtual host 'localhost'
12-Apr-2016 11:36:05.523 INFO [http-apr-8088-exec-10] org.apache.catalina.core.ApplicationContext.log Manager: install: Installing context configuration at 'file:/C:/Users/ADMINI~1/AppData/Local/Temp/context5801348559196480960.xml'
12-Apr-2016 11:36:06.961 INFO [http-apr-8088-exec-4] org.apache.catalina.core.ApplicationContext.log Manager: list: Listing contexts for virtual host 'localhost'
12-Apr-2016 11:36:06.966 INFO [http-apr-8088-exec-5] org.apache.catalina.core.ApplicationContext.log Manager: list: Listing contexts for virtual host 'localhost'
12-Apr-2016 11:36:07.906 INFO [http-apr-8088-exec-6] org.apache.catalina.core.ApplicationContext.log Manager: start: Starting web application '/gsygxx'
12-Apr-2016 11:36:24.269 INFO [http-apr-8088-exec-6] org.apache.catalina.core.ApplicationContext.log Manager: list: Listing contexts for virtual host 'localhost'
12-Apr-2016 11:36:24.273 INFO [http-apr-8088-exec-7] org.apache.catalina.core.ApplicationContext.log Manager: list: Listing contexts for virtual host 'localhost'
12-Apr-2016 11:36:24.292 INFO [http-apr-8088-exec-8] org.apache.catalina.core.ApplicationContext.log Manager: undeploy: Undeploying web application at '/gsygxx'
12-Apr-2016 11:36:24.904 INFO [http-apr-8088-exec-9] org.apache.catalina.core.ApplicationContext.log Manager: install: Installing context configuration at 'file:/C:/Users/ADMINI~1/AppData/Local/Temp/context7229146576797540091.xml'
12-Apr-2016 11:36:27.194 INFO [http-apr-8088-exec-4] org.apache.catalina.core.ApplicationContext.log Manager: list: Listing contexts for virtual host 'localhost'
12-Apr-2016 11:36:27.200 INFO [http-apr-8088-exec-3] org.apache.catalina.core.ApplicationContext.log Manager: list: Listing contexts for virtual host 'localhost'
12-Apr-2016 11:36:27.214 INFO [http-apr-8088-exec-7] org.apache.catalina.core.ApplicationContext.log Manager: start: Starting web application '/gsygxx'
12-Apr-2016 11:37:11.453 INFO [http-apr-8088-exec-15] org.apache.catalina.core.ApplicationContext.log Manager: list: Listing contexts for virtual host 'localhost'
12-Apr-2016 11:37:11.461 INFO [http-apr-8088-exec-12] org.apache.catalina.core.ApplicationContext.log Manager: list: Listing contexts for virtual host 'localhost'
12-Apr-2016 11:37:52.164 INFO [http-apr-8088-exec-4] org.apache.catalina.core.ApplicationContext.log Manager: init: Associated with Deployer 'Catalina:type=Deployer,host=localhost'
12-Apr-2016 11:37:52.164 INFO [http-apr-8088-exec-4] org.apache.catalina.core.ApplicationContext.log Manager: init: Global resources are available
12-Apr-2016 11:37:52.165 INFO [http-apr-8088-exec-4] org.apache.catalina.core.ApplicationContext.log Manager: list: Listing contexts for virtual host 'localhost'
12-Apr-2016 11:37:52.172 INFO [http-apr-8088-exec-3] org.apache.catalina.core.ApplicationContext.log Manager: list: Listing contexts for virtual host 'localhost'
12-Apr-2016 11:37:54.903 INFO [http-apr-8088-exec-5] org.apache.catalina.core.ApplicationContext.log Manager: undeploy: Undeploying web application at '/gsygxx'
12-Apr-2016 11:37:55.498 INFO [http-apr-8088-exec-9] org.apache.catalina.core.ApplicationContext.log Manager: list: Listing contexts for virtual host 'localhost'
12-Apr-2016 11:37:55.501 INFO [http-apr-8088-exec-3] org.apache.catalina.core.ApplicationContext.log Manager: list: Listing contexts for virtual host 'localhost'
